  DisplayWindow.cpp
C:\Users\todd\OneDrive\Documents\GitHub\wthrr\Src\wthrr\Global.h(4,86): warning C4100: 'lprcMonitor': unreferenced parameter
  (compiling source file 'DisplayWindow.cpp')
  
C:\Users\todd\OneDrive\Documents\GitHub\wthrr\Src\wthrr\Global.h(4,67): warning C4100: 'hdcMonitor': unreferenced parameter
  (compiling source file 'DisplayWindow.cpp')
  
C:\Users\todd\OneDrive\Documents\GitHub\wthrr\Src\wthrr\DisplayWindow.cpp(117,24): warning C4834: discarding return value of function with [[nodiscard]] attribute
C:\Users\todd\OneDrive\Documents\GitHub\wthrr\Src\wthrr\DisplayWindow.cpp(146,24): warning C4834: discarding return value of function with [[nodiscard]] attribute
C:\Users\todd\OneDrive\Documents\GitHub\wthrr\Src\wthrr\DisplayWindow.cpp(341,20): warning C4305: 'argument': truncation from 'const double' to 'float'
C:\Users\todd\OneDrive\Documents\GitHub\wthrr\Src\wthrr\DisplayWindow.cpp(348,20): warning C4305: 'argument': truncation from 'const double' to 'float'
C:\Users\todd\OneDrive\Documents\GitHub\wthrr\Src\wthrr\DisplayWindow.cpp(351,21): warning C4305: 'argument': truncation from 'const double' to 'float'
C:\Users\todd\OneDrive\Documents\GitHub\wthrr\Src\wthrr\DisplayWindow.cpp(618,25): warning C4834: discarding return value of function with [[nodiscard]] attribute
C:\Users\todd\OneDrive\Documents\GitHub\wthrr\Src\wthrr\DisplayWindow.cpp(606,57): warning C4100: 'window': unreferenced parameter
C:\Users\todd\OneDrive\Documents\GitHub\wthrr\Src\wthrr\DisplayWindow.cpp(639,25): warning C4834: discarding return value of function with [[nodiscard]] attribute
C:\Users\todd\OneDrive\Documents\GitHub\wthrr\Src\wthrr\DisplayWindow.cpp(856,70): warning C4267: 'initializing': conversion from 'size_t' to 'int', possible loss of data
C:\Users\todd\OneDrive\Documents\GitHub\wthrr\Src\wthrr\DisplayWindow.cpp(856,33): warning C4267: 'initializing': conversion from 'size_t' to 'const int', possible loss of data
  Main.cpp
C:\Users\todd\OneDrive\Documents\GitHub\wthrr\Src\wthrr\Global.h(4,86): warning C4100: 'lprcMonitor': unreferenced parameter
  (compiling source file 'Main.cpp')
  
C:\Users\todd\OneDrive\Documents\GitHub\wthrr\Src\wthrr\Global.h(4,67): warning C4100: 'hdcMonitor': unreferenced parameter
  (compiling source file 'Main.cpp')
  
  OptionDialog.cpp
  SettingsManager.cpp
  Generating Code...
  wthrr.vcxproj -> C:\Users\todd\OneDrive\Documents\GitHub\wthrr\Src\wthrr\x64\Debug\wthrr.exe
