c:\users\todd\onedrive\documents\github\wthrr\src\wthrr\x64\release\vc143.pdb
c:\users\todd\onedrive\documents\github\wthrr\src\wthrr\x64\release\settingsmanager.obj
c:\users\todd\onedrive\documents\github\wthrr\src\wthrr\x64\release\displaydata.obj
c:\users\todd\onedrive\documents\github\wthrr\src\wthrr\x64\release\vector2.obj
c:\users\todd\onedrive\documents\github\wthrr\src\wthrr\x64\release\splatter.obj
c:\users\todd\onedrive\documents\github\wthrr\src\wthrr\x64\release\snowflake.obj
c:\users\todd\onedrive\documents\github\wthrr\src\wthrr\x64\release\raindrop.obj
c:\users\todd\onedrive\documents\github\wthrr\src\wthrr\x64\release\puddle.obj
c:\users\todd\onedrive\documents\github\wthrr\src\wthrr\x64\release\displaywindow.obj
c:\users\todd\onedrive\documents\github\wthrr\src\wthrr\x64\release\optiondialog.obj
c:\users\todd\onedrive\documents\github\wthrr\src\wthrr\x64\release\main.obj
c:\users\todd\onedrive\documents\github\wthrr\src\wthrr\x64\release\wthrr.exe
c:\users\todd\onedrive\documents\github\wthrr\src\wthrr\x64\release\wthrr.pdb
c:\users\todd\onedrive\documents\github\wthrr\src\wthrr\x64\release\wthrr.ipdb
c:\users\todd\onedrive\documents\github\wthrr\src\wthrr\x64\release\wthrr.iobj
c:\users\todd\onedrive\documents\github\wthrr\src\wthrr\x64\release\wthrr.tlog\cl.command.1.tlog
c:\users\todd\onedrive\documents\github\wthrr\src\wthrr\x64\release\wthrr.tlog\cl.items.tlog
c:\users\todd\onedrive\documents\github\wthrr\src\wthrr\x64\release\wthrr.tlog\cl.read.1.tlog
c:\users\todd\onedrive\documents\github\wthrr\src\wthrr\x64\release\wthrr.tlog\cl.write.1.tlog
c:\users\todd\onedrive\documents\github\wthrr\src\wthrr\x64\release\wthrr.tlog\link.command.1.tlog
c:\users\todd\onedrive\documents\github\wthrr\src\wthrr\x64\release\wthrr.tlog\link.read.1.tlog
c:\users\todd\onedrive\documents\github\wthrr\src\wthrr\x64\release\wthrr.tlog\link.secondary.1.tlog
c:\users\todd\onedrive\documents\github\wthrr\src\wthrr\x64\release\wthrr.tlog\link.write.1.tlog
c:\users\todd\onedrive\documents\github\wthrr\src\wthrr\x64\release\wthrr.tlog\rc.command.1.tlog
c:\users\todd\onedrive\documents\github\wthrr\src\wthrr\x64\release\wthrr.tlog\rc.read.1.tlog
c:\users\todd\onedrive\documents\github\wthrr\src\wthrr\x64\release\wthrr.tlog\rc.write.1.tlog
